-------------------------------------------------------------------------------
Test set: ru.aliaprod.voteservice.VoteServiceApplicationTests
-------------------------------------------------------------------------------
Tests run: 1, Failures: 0, Errors: 1, Skipped: 0, Time elapsed: 2.616 s <<< FAILURE! - in ru.aliaprod.voteservice.VoteServiceApplicationTests
contextLoads  Time elapsed: 0 s  <<< ERROR!
java.lang.IllegalStateException: Failed to load ApplicationContext
Caused by: org.springframework.beans.factory.UnsatisfiedDependencyException: Error creating bean with name 'voteController': Unsatisfied dependency expressed through method 'setVoteService' parameter 0; nested exception is org.springframework.beans.factory.UnsatisfiedDependencyException: Error creating bean with name 'voteServiceImpl': Unsatisfied dependency expressed through method 'setDogsServiceProxy' parameter 0; nested exception is org.springframework.beans.factory.BeanCreationException: Error creating bean with name 'ru.aliaprod.voteservice.proxy.DogsServiceProxy': Unexpected exception during bean creation; nested exception is java.lang.IllegalArgumentException: url values must be not be absolute.
Caused by: org.springframework.beans.factory.UnsatisfiedDependencyException: Error creating bean with name 'voteServiceImpl': Unsatisfied dependency expressed through method 'setDogsServiceProxy' parameter 0; nested exception is org.springframework.beans.factory.BeanCreationException: Error creating bean with name 'ru.aliaprod.voteservice.proxy.DogsServiceProxy': Unexpected exception during bean creation; nested exception is java.lang.IllegalArgumentException: url values must be not be absolute.
Caused by: org.springframework.beans.factory.BeanCreationException: Error creating bean with name 'ru.aliaprod.voteservice.proxy.DogsServiceProxy': Unexpected exception during bean creation; nested exception is java.lang.IllegalArgumentException: url values must be not be absolute.
Caused by: java.lang.IllegalArgumentException: url values must be not be absolute.

